Using pre-set license
Built from '2023.2/staging' branch; Version is '2023.2.5f1 (381b4941466e) revision 3677001'; Using compiler version '193431935'; Build Type 'Release'
OS: 'Windows 10  (10.0.19045) 64bit Education' Language: 'en' Physical Memory: 16319 MB
BatchMode: 1, IsHumanControllingUs: 0, StartBugReporterOnCrash: 0, Is64bit: 1, IsPro: 1

COMMAND LINE ARGUMENTS:
C:\Program Files\Unity\Hub\Editor\2023.2.5f1\Editor\Unity.exe
-adb2
-batchMode
-noUpm
-name
AssetImportWorker0
-projectPath
C:/Users/520238/ye
-logFile
Logs/AssetImportWorker0.log
-srvPort
63054
-job-worker-count
3
-background-job-worker-count
8
-asset-garbage-collectors
1
Successfully changed project path to: C:/Users/520238/ye
C:/Users/520238/ye
[UnityMemory] Configuration Parameters - Can be set up in boot.config
    "memorysetup-bucket-allocator-granularity=16"
    "memorysetup-bucket-allocator-bucket-count=8"
    "memorysetup-bucket-allocator-block-size=33554432"
    "memorysetup-bucket-allocator-block-count=8"
    "memorysetup-main-allocator-block-size=16777216"
    "memorysetup-thread-allocator-block-size=16777216"
    "memorysetup-gfx-main-allocator-block-size=16777216"
    "memorysetup-gfx-thread-allocator-block-size=16777216"
    "memorysetup-cache-allocator-block-size=4194304"
    "memorysetup-typetree-allocator-block-size=2097152"
    "memorysetup-profiler-bucket-allocator-granularity=16"
    "memorysetup-profiler-bucket-allocator-bucket-count=8"
    "memorysetup-profiler-bucket-allocator-block-size=33554432"
    "memorysetup-profiler-bucket-allocator-block-count=8"
    "memorysetup-profiler-allocator-block-size=16777216"
    "memorysetup-profiler-editor-allocator-block-size=1048576"
    "memorysetup-temp-allocator-size-main=16777216"
    "memorysetup-job-temp-allocator-block-size=2097152"
    "memorysetup-job-temp-allocator-block-size-background=1048576"
    "memorysetup-job-temp-allocator-reduction-small-platforms=262144"
    "memorysetup-allocator-temp-initial-block-size-main=262144"
    "memorysetup-allocator-temp-initial-block-size-worker=262144"
    "memorysetup-temp-allocator-size-background-worker=32768"
    "memorysetup-temp-allocator-size-job-worker=262144"
    "memorysetup-temp-allocator-size-preload-manager=33554432"
    "memorysetup-temp-allocator-size-nav-mesh-worker=65536"
    "memorysetup-temp-allocator-size-audio-worker=65536"
    "memorysetup-temp-allocator-size-cloud-worker=32768"
    "memorysetup-temp-allocator-size-gi-baking-worker=262144"
    "memorysetup-temp-allocator-size-gi-baking-worker=262144"
    "memorysetup-temp-allocator-size-gi-baking-worker=262144"
    "memorysetup-temp-allocator-size-gi-baking-worker=262144"
    "memorysetup-temp-allocator-size-gfx=262144"
Player connection [12980] Host "[IP] 172.27.171.124 [Port] 0 [Flags] 2 [Guid] 1576974473 [EditorId] 1576974473 [Version] 1048832 [Id] WindowsEditor(7,L-CB346-21222) [Debug] 1 [PackageName] WindowsEditor [ProjectName] Editor" joined multi-casting on [225.0.0.222:54997]...
Player connection [12980] Host "[IP] 172.27.171.124 [Port] 0 [Flags] 2 [Guid] 1576974473 [EditorId] 1576974473 [Version] 1048832 [Id] WindowsEditor(7,L-CB346-21222) [Debug] 1 [PackageName] WindowsEditor [ProjectName] Editor" joined alternative multi-casting on [225.0.0.222:34997]...
JobSystem: Creating JobQueue using job-worker-count value 3
[Physics::Module] Initialized MultithreadedJobDispatcher with 3 workers.
Library Redirect Path: Library/
Refreshing native plugins compatible for Editor in 218.25 ms, found 4 plugins.
Preloading 0 native plugins for Editor in 0.00 ms.
Initialize engine version: 2023.2.5f1 (381b4941466e)
[Subsystems] Discovering subsystems at path C:/Program Files/Unity/Hub/Editor/2023.2.5f1/Editor/Data/Resources/UnitySubsystems
[Subsystems] Discovering subsystems at path C:/Users/520238/ye/Assets
GfxDevice: creating device client; kGfxThreadingModeNonThreaded
Direct3D:
    Version:  Direct3D 11.0 [level 11.1]
    Renderer: NVIDIA GeForce GTX 1650 (ID=0x1f82)
    Vendor:   NVIDIA
    VRAM:     3949 MB
    Driver:   31.0.15.3623
Initialize mono
Mono path[0] = 'C:/Program Files/Unity/Hub/Editor/2023.2.5f1/Editor/Data/Managed'
Mono path[1] = 'C:/Program Files/Unity/Hub/Editor/2023.2.5f1/Editor/Data/MonoBleedingEdge/lib/mono/unityjit-win32'
Mono config path = 'C:/Program Files/Unity/Hub/Editor/2023.2.5f1/Editor/Data/MonoBleedingEdge/etc'
Using monoOptions --debugger-agent=transport=dt_socket,embedding=1,server=y,suspend=n,address=127.0.0.1:56196
Begin MonoManager ReloadAssembly
C:\build\output\Unity-Technologies\mono\mono\metadata\icall.c:1842:
C:\build\output\Unity-Technologies\mono\mono\metadata\icall.c:1842:
C:\build\output\Unity-Technologies\mono\mono\metadata\icall.c:1842:
C:\build\output\Unity-Technologies\mono\mono\metadata\icall.c:1842:
C:\build\output\Unity-Technologies\mono\mono\metadata\icall.c:1842:
C:\build\output\Unity-Technologies\mono\mono\metadata\icall.c:1842:
C:\build\output\Unity-Technologies\mono\mono\metadata\icall.c:1842:
C:\build\output\Unity-Technologies\mono\mono\metadata\icall.c:1842:
C:\build\output\Unity-Technologies\mono\mono\metadata\icall.c:1842:
C:\build\output\Unity-Technologies\mono\mono\metadata\icall.c:1842:
Registering precompiled unity dll's ...
Register platform support module: C:/Program Files/Unity/Hub/Editor/2023.2.5f1/Editor/Data/PlaybackEngines/WebGLSupport/UnityEditor.WebGL.Extensions.dll
Register platform support module: C:/Program Files/Unity/Hub/Editor/2023.2.5f1/Editor/Data/PlaybackEngines/WindowsStandaloneSupport/UnityEditor.WindowsStandalone.Extensions.dll
Registered in 0.323135 seconds.
- Loaded All Assemblies, in 12.515 seconds
Native extension for WindowsStandalone target not found
Native extension for WebGL target not found
Mono: successfully reloaded assembly
C:\build\output\Unity-Technologies\mono\mono\metadata\icall.c:1842:
C:\build\output\Unity-Technologies\mono\mono\metadata\icall.c:1842:
- Finished resetting the current domain, in  0.609 seconds
Domain Reload Profiling: 13119ms
	BeginReloadAssembly (10043ms)
		ExecutionOrderSort (0ms)
		DisableScriptedObjects (0ms)
		BackupInstance (0ms)
		ReleaseScriptingObjects (0ms)
		CreateAndSetChildDomain (1ms)
	RebuildCommonClasses (684ms)
	RebuildNativeTypeToScriptingClass (18ms)
	initialDomainReloadingComplete (408ms)
	LoadAllAssembliesAndSetupDomain (1355ms)
		LoadAssemblies (10036ms)
		RebuildTransferFunctionScriptingTraits (0ms)
		AnalyzeDomain (1351ms)
			TypeCache.Refresh (1349ms)
				TypeCache.ScanAssembly (1022ms)
			BuildScriptInfoCaches (0ms)
			ResolveRequiredComponents (1ms)
	FinalizeReload (610ms)
		ReleaseScriptCaches (0ms)
		RebuildScriptCaches (0ms)
		SetupLoadedEditorAssemblies (526ms)
			LogAssemblyErrors (0ms)
			InitializePlatformSupportModulesInManaged (17ms)
			SetLoadedEditorAssemblies (8ms)
			BeforeProcessingInitializeOnLoad (10ms)
			ProcessInitializeOnLoadAttributes (385ms)
			ProcessInitializeOnLoadMethodAttributes (106ms)
			AfterProcessingInitializeOnLoad (0ms)
			EditorAssembliesLoaded (0ms)
		ExecutionOrderSort2 (0ms)
		AwakeInstancesAfterBackupRestoration (0ms)
========================================================================
Worker process is ready to serve import requests
Import Worker Mode flag is 0x00
Begin MonoManager ReloadAssembly
C:\build\output\Unity-Technologies\mono\mono\metadata\icall.c:1842:
C:\build\output\Unity-Technologies\mono\mono\metadata\icall.c:1842:
C:\build\output\Unity-Technologies\mono\mono\metadata\icall.c:1842:
C:\build\output\Unity-Technologies\mono\mono\metadata\icall.c:1842:
C:\build\output\Unity-Technologies\mono\mono\metadata\icall.c:1842:
C:\build\output\Unity-Technologies\mono\mono\metadata\icall.c:1842:
C:\build\output\Unity-Technologies\mono\mono\metadata\icall.c:1842:
C:\build\output\Unity-Technologies\mono\mono\metadata\icall.c:1842:
C:\build\output\Unity-Technologies\mono\mono\metadata\icall.c:1842:
C:\build\output\Unity-Technologies\mono\mono\metadata\icall.c:1842:
C:\build\output\Unity-Technologies\mono\mono\metadata\icall.c:1842:
C:\build\output\Unity-Technologies\mono\mono\metadata\icall.c:1842:
Symbol file LoadedFromMemory doesn't match image C:\Users\520238\ye\Library\PackageCache\com.unity.visualscripting@1.8.0\Editor\VisualScripting.Core\Dependencies\YamlDotNet\Unity.VisualScripting.YamlDotNet.dll
Symbol file LoadedFromMemory doesn't match image C:\Users\520238\ye\Library\PackageCache\com.unity.visualscripting@1.8.0\Editor\VisualScripting.Core\Dependencies\DotNetZip\Unity.VisualScripting.IonicZip.dll
- Loaded All Assemblies, in 10.140 seconds
Refreshing native plugins compatible for Editor in 6.78 ms, found 4 plugins.
Native extension for WindowsStandalone target not found
Native extension for WebGL target not found
System.Exception: Error! Visual Scripting: couldn't find visual scripting package
  at Unity.VisualScripting.PackageVersionUtility.get_version () [0x00043] in .\Library\PackageCache\com.unity.visualscripting@1.8.0\Editor\VisualScripting.Core\Utilities\PackageVersionUtility.cs:31 
  at Unity.VisualScripting.BoltCoreManifest.get_version () [0x00000] in .\Library\PackageCache\com.unity.visualscripting@1.8.0\Editor\VisualScripting.Core\Plugin\BoltCoreManifest.cs:11 
  at Unity.VisualScripting.PluginManifest.get_currentVersion () [0x00000] in .\Library\PackageCache\com.unity.visualscripting@1.8.0\Editor\VisualScripting.Core\Plugins\PluginManifest.cs:33 
  at Unity.VisualScripting.PluginManifest.get_versionMismatch () [0x00000] in .\Library\PackageCache\com.unity.visualscripting@1.8.0\Editor\VisualScripting.Core\Plugins\PluginManifest.cs:48 
  at Unity.VisualScripting.PluginContainer.Initialize () [0x00525] in .\Library\PackageCache\com.unity.visualscripting@1.8.0\Editor\VisualScripting.Core\Plugins\PluginContainer.cs:208 
  at Unity.VisualScripting.PluginContainer.InitializeOnLoad () [0x00009] in .\Library\PackageCache\com.unity.visualscripting@1.8.0\Editor\VisualScripting.Core\Plugins\PluginContainer.cs:32 
  at Unity.VisualScripting.VSUsageUtility.DoInitializeOnLoadCalls () [0x00034] in .\Library\PackageCache\com.unity.visualscripting@1.8.0\Editor\VisualScripting.Core\Utilities\VSUsageUtility.cs:76 
  at Unity.VisualScripting.VSUsageUtility.set_isVisualScriptingUsed (System.Boolean value) [0x0002c] in .\Library\PackageCache\com.unity.visualscripting@1.8.0\Editor\VisualScripting.Core\Utilities\VSUsageUtility.cs:114 
  at Unity.VisualScripting.VSUsageUtility.CheckAndSetIsVisualScriptingUsed () [0x00032] in .\Library\PackageCache\com.unity.visualscripting@1.8.0\Editor\VisualScripting.Core\Utilities\VSUsageUtility.cs:48 
  at Unity.VisualScripting.VSUsageUtility..cctor () [0x00000] in .\Library\PackageCache\com.unity.visualscripting@1.8.0\Editor\VisualScripting.Core\Utilities\VSUsageUtility.cs:22 
UnityEngine.Debug:ExtractStackTraceNoAlloc (byte*,int,string)
UnityEngine.StackTraceUtility:ExtractStackTrace ()
UnityEngine.DebugLogHandler:Internal_Log (UnityEngine.LogType,UnityEngine.LogOption,string,UnityEngine.Object)
UnityEngine.DebugLogHandler:LogFormat (UnityEngine.LogType,UnityEngine.Object,string,object[])
UnityEngine.Logger:Log (UnityEngine.LogType,object)
UnityEngine.Debug:LogError (object)
UnityEditor.EditorAssemblies:ProcessInitializeOnLoadAttributes (System.Type[])

Mono: successfully reloaded assembly
- Finished resetting the current domain, in  4.079 seconds
Domain Reload Profiling: 14208ms
	BeginReloadAssembly (578ms)
		ExecutionOrderSort (0ms)
		DisableScriptedObjects (10ms)
		BackupInstance (0ms)
		ReleaseScriptingObjects (0ms)
		CreateAndSetChildDomain (49ms)
	RebuildCommonClasses (63ms)
	RebuildNativeTypeToScriptingClass (18ms)
	initialDomainReloadingComplete (71ms)
	LoadAllAssembliesAndSetupDomain (9398ms)
		LoadAssemblies (8556ms)
		RebuildTransferFunctionScriptingTraits (0ms)
		AnalyzeDomain (1022ms)
			TypeCache.Refresh (970ms)
				TypeCache.ScanAssembly (881ms)
			BuildScriptInfoCaches (41ms)
			ResolveRequiredComponents (8ms)
	FinalizeReload (4080ms)
		ReleaseScriptCaches (0ms)
		RebuildScriptCaches (0ms)
		SetupLoadedEditorAssemblies (3738ms)
			LogAssemblyErrors (0ms)
			InitializePlatformSupportModulesInManaged (5ms)
			SetLoadedEditorAssemblies (4ms)
			BeforeProcessingInitializeOnLoad (94ms)
			ProcessInitializeOnLoadAttributes (3558ms)
			ProcessInitializeOnLoadMethodAttributes (64ms)
			AfterProcessingInitializeOnLoad (13ms)
			EditorAssembliesLoaded (0ms)
		ExecutionOrderSort2 (0ms)
		AwakeInstancesAfterBackupRestoration (8ms)
Launched and connected shader compiler UnityShaderCompiler.exe after 0.05 seconds
Refreshing native plugins compatible for Editor in 4.72 ms, found 4 plugins.
Preloading 0 native plugins for Editor in 0.00 ms.
Unloading 29 Unused Serialized files (Serialized files now loaded: 0)
Unloading 4125 unused Assets / (1.2 MB). Loaded Objects now: 4705.
Memory consumption went from 127.4 MB to 126.2 MB.
Total: 27.168600 ms (FindLiveObjects: 0.695100 ms CreateObjectMapping: 1.214100 ms MarkObjects: 22.968500 ms  DeleteObjects: 2.289100 ms)

========================================================================
Received Import Request.
  Time since last request: 596048.656343 seconds.
  path: Assets/Medieval_pixel_art_asset_FREE/Textures/Medieval_tiles_free2_99.asset
  artifactKey: Guid(4afc907c98127344f963ed8850fa117b) Importer(815301076,1909f56bfc062723c751e8b465ee728b)
Start importing Assets/Medieval_pixel_art_asset_FREE/Textures/Medieval_tiles_free2_99.asset using Guid(4afc907c98127344f963ed8850fa117b) Importer(815301076,1909f56bfc062723c751e8b465ee728b) (PreviewImporter) -> (artifact id: '53d9873bc26ca390813808f1c9c36a90') in 0.2014102 seconds
Number of updated asset objects reloaded before import = 0Number of asset objects unloaded after import = 3

========================================================================
Received Import Request.
  Time since last request: 0.000034 seconds.
  path: Assets/Medieval_pixel_art_asset_FREE/Textures/Medieval_tiles_free2_91.asset
  artifactKey: Guid(dd9b103e6f765f54190fcf173c2d3935) Importer(815301076,1909f56bfc062723c751e8b465ee728b)
Start importing Assets/Medieval_pixel_art_asset_FREE/Textures/Medieval_tiles_free2_91.asset using Guid(dd9b103e6f765f54190fcf173c2d3935) Importer(815301076,1909f56bfc062723c751e8b465ee728b) (PreviewImporter) -> (artifact id: '4211b5c4adc23f8ac6189dcc96beffff') in 0.0381392 seconds
Number of updated asset objects reloaded before import = 0Number of asset objects unloaded after import = 3

========================================================================
Received Import Request.
  Time since last request: 0.000027 seconds.
  path: Assets/Medieval_pixel_art_asset_FREE/Textures/Medieval_tiles_free2_86.asset
  artifactKey: Guid(a3ccf7fbc247a9c449ba903647ebc067) Importer(815301076,1909f56bfc062723c751e8b465ee728b)
Start importing Assets/Medieval_pixel_art_asset_FREE/Textures/Medieval_tiles_free2_86.asset using Guid(a3ccf7fbc247a9c449ba903647ebc067) Importer(815301076,1909f56bfc062723c751e8b465ee728b) (PreviewImporter) -> (artifact id: '3d825d982300a9f740978e95e32c850c') in 0.0324432 seconds
Number of updated asset objects reloaded before import = 0Number of asset objects unloaded after import = 3

========================================================================
Received Import Request.
  Time since last request: 0.000037 seconds.
  path: Assets/Medieval_pixel_art_asset_FREE/Textures/Medieval_tiles_free2_85.asset
  artifactKey: Guid(6f6a4bdd08bb9154d89dc1be50000a1a) Importer(815301076,1909f56bfc062723c751e8b465ee728b)
Start importing Assets/Medieval_pixel_art_asset_FREE/Textures/Medieval_tiles_free2_85.asset using Guid(6f6a4bdd08bb9154d89dc1be50000a1a) Importer(815301076,1909f56bfc062723c751e8b465ee728b) (PreviewImporter) -> (artifact id: '60143aac905580100fb2c546015db379') in 0.0354678 seconds
Number of updated asset objects reloaded before import = 0Number of asset objects unloaded after import = 3

========================================================================
Received Import Request.
  Time since last request: 0.000023 seconds.
  path: Assets/Medieval_pixel_art_asset_FREE/Textures/Medieval_tiles_free2_92.asset
  artifactKey: Guid(9b58a30869c0f934f96780fdb9ce6179) Importer(815301076,1909f56bfc062723c751e8b465ee728b)
Start importing Assets/Medieval_pixel_art_asset_FREE/Textures/Medieval_tiles_free2_92.asset using Guid(9b58a30869c0f934f96780fdb9ce6179) Importer(815301076,1909f56bfc062723c751e8b465ee728b) (PreviewImporter) -> (artifact id: '88082da107516e4336b9222528b51192') in 0.0321001 seconds
Number of updated asset objects reloaded before import = 0Number of asset objects unloaded after import = 3

========================================================================
Received Import Request.
  Time since last request: 0.000029 seconds.
  path: Assets/Medieval_pixel_art_asset_FREE/Textures/Medieval_tiles_free2_88.asset
  artifactKey: Guid(a7ee93952f83ec744b5dc9f24c5da0de) Importer(815301076,1909f56bfc062723c751e8b465ee728b)
Start importing Assets/Medieval_pixel_art_asset_FREE/Textures/Medieval_tiles_free2_88.asset using Guid(a7ee93952f83ec744b5dc9f24c5da0de) Importer(815301076,1909f56bfc062723c751e8b465ee728b) (PreviewImporter) -> (artifact id: 'cdd7d27e6077ca3a29feb0636daee150') in 0.0300803 seconds
Number of updated asset objects reloaded before import = 0Number of asset objects unloaded after import = 3

========================================================================
Received Import Request.
  Time since last request: 0.000022 seconds.
  path: Assets/Medieval_pixel_art_asset_FREE/Textures/Medieval_tiles_free2_84.asset
  artifactKey: Guid(23c6da9a431ba8b49ad5ee1dbb980a31) Importer(815301076,1909f56bfc062723c751e8b465ee728b)
Start importing Assets/Medieval_pixel_art_asset_FREE/Textures/Medieval_tiles_free2_84.asset using Guid(23c6da9a431ba8b49ad5ee1dbb980a31) Importer(815301076,1909f56bfc062723c751e8b465ee728b) (PreviewImporter) -> (artifact id: '186ee9dd23cfcee840086be6d1b525c3') in 0.0298479 seconds
Number of updated asset objects reloaded before import = 0Number of asset objects unloaded after import = 3

========================================================================
Received Import Request.
  Time since last request: 0.000048 seconds.
  path: Assets/Medieval_pixel_art_asset_FREE/Textures/Medieval_tiles_free2_80.asset
  artifactKey: Guid(76f44477c036503478ae0c58ca6ef01a) Importer(815301076,1909f56bfc062723c751e8b465ee728b)
Start importing Assets/Medieval_pixel_art_asset_FREE/Textures/Medieval_tiles_free2_80.asset using Guid(76f44477c036503478ae0c58ca6ef01a) Importer(815301076,1909f56bfc062723c751e8b465ee728b) (PreviewImporter) -> (artifact id: '0b5af8939e42b235cfefe1f77af4beb8') in 0.0497558 seconds
Number of updated asset objects reloaded before import = 0Number of asset objects unloaded after import = 3

========================================================================
Received Import Request.
  Time since last request: 0.000026 seconds.
  path: Assets/Medieval_pixel_art_asset_FREE/Textures/Medieval_tiles_free2_87.asset
  artifactKey: Guid(a2b80ed51e98d614da6e118599f92b84) Importer(815301076,1909f56bfc062723c751e8b465ee728b)
Start importing Assets/Medieval_pixel_art_asset_FREE/Textures/Medieval_tiles_free2_87.asset using Guid(a2b80ed51e98d614da6e118599f92b84) Importer(815301076,1909f56bfc062723c751e8b465ee728b) (PreviewImporter) -> (artifact id: '12bb6389886714e04742921ec49f15ea') in 0.0333924 seconds
Number of updated asset objects reloaded before import = 0Number of asset objects unloaded after import = 3

========================================================================
Received Import Request.
  Time since last request: 0.000030 seconds.
  path: Assets/Medieval_pixel_art_asset_FREE/Textures/Medieval_tiles_free2_95.asset
  artifactKey: Guid(d494cb68ebf0e0340a5b760d5b109ae9) Importer(815301076,1909f56bfc062723c751e8b465ee728b)
Start importing Assets/Medieval_pixel_art_asset_FREE/Textures/Medieval_tiles_free2_95.asset using Guid(d494cb68ebf0e0340a5b760d5b109ae9) Importer(815301076,1909f56bfc062723c751e8b465ee728b) (PreviewImporter) -> (artifact id: '1d51a567e57b88dc823d162f2f5fa573') in 0.0309287 seconds
Number of updated asset objects reloaded before import = 0Number of asset objects unloaded after import = 3

========================================================================
Received Import Request.
  Time since last request: 0.000036 seconds.
  path: Assets/Medieval_pixel_art_asset_FREE/Textures/Medieval_tiles_free2_96.asset
  artifactKey: Guid(d2957af2fe2620748b9eba9401617a67) Importer(815301076,1909f56bfc062723c751e8b465ee728b)
Start importing Assets/Medieval_pixel_art_asset_FREE/Textures/Medieval_tiles_free2_96.asset using Guid(d2957af2fe2620748b9eba9401617a67) Importer(815301076,1909f56bfc062723c751e8b465ee728b) (PreviewImporter) -> (artifact id: 'ce2e4577b7d4cfffe5ed4ebb2c46dcea') in 0.0343282 seconds
Number of updated asset objects reloaded before import = 0Number of asset objects unloaded after import = 3

========================================================================
Received Import Request.
  Time since last request: 0.000033 seconds.
  path: Assets/Medieval_pixel_art_asset_FREE/Textures/Medieval_tiles_free2_94.asset
  artifactKey: Guid(74954f37a0f824148b23d31ec5c8ffa7) Importer(815301076,1909f56bfc062723c751e8b465ee728b)
Start importing Assets/Medieval_pixel_art_asset_FREE/Textures/Medieval_tiles_free2_94.asset using Guid(74954f37a0f824148b23d31ec5c8ffa7) Importer(815301076,1909f56bfc062723c751e8b465ee728b) (PreviewImporter) -> (artifact id: 'f416c82def40f46e18ef7d171f86f07f') in 0.0400649 seconds
Number of updated asset objects reloaded before import = 0Number of asset objects unloaded after import = 3

========================================================================
Received Import Request.
  Time since last request: 0.000022 seconds.
  path: Assets/Medieval_pixel_art_asset_FREE/Textures/Medieval_tiles_free2_83.asset
  artifactKey: Guid(eaa95b6ac8d637041b1a5ceea274142f) Importer(815301076,1909f56bfc062723c751e8b465ee728b)
Start importing Assets/Medieval_pixel_art_asset_FREE/Textures/Medieval_tiles_free2_83.asset using Guid(eaa95b6ac8d637041b1a5ceea274142f) Importer(815301076,1909f56bfc062723c751e8b465ee728b) (PreviewImporter) -> (artifact id: 'ce465e743170033aea654f332fb3ea1a') in 0.0295965 seconds
Number of updated asset objects reloaded before import = 0Number of asset objects unloaded after import = 3

========================================================================
Received Import Request.
  Time since last request: 0.000023 seconds.
  path: Assets/Medieval_pixel_art_asset_FREE/Textures/Medieval_tiles_free2_77.asset
  artifactKey: Guid(1e7199bb996d8e84c9a53dd8e093568f) Importer(815301076,1909f56bfc062723c751e8b465ee728b)
Start importing Assets/Medieval_pixel_art_asset_FREE/Textures/Medieval_tiles_free2_77.asset using Guid(1e7199bb996d8e84c9a53dd8e093568f) Importer(815301076,1909f56bfc062723c751e8b465ee728b) (PreviewImporter) -> (artifact id: 'ce7f3eaaceb9fcbef89015c2bbd27df5') in 0.0297588 seconds
Number of updated asset objects reloaded before import = 0Number of asset objects unloaded after import = 3

